{"C:\\Users\\berla\\Documents\\Projets\\MesRecettes\\Projet\\MesRecettes-API\\src\\app\\clients\\pg.ts": {"path":"C:\\Users\\berla\\Documents\\Projets\\MesRecettes\\Projet\\MesRecettes-API\\src\\app\\clients\\pg.ts","statementMap":{"0":{"start":{"line":1,"column":0},"end":{"line":1,"column":27}},"1":{"start":{"line":3,"column":15},"end":{"line":6,"column":2}},"2":{"start":{"line":8,"column":0},"end":{"line":8,"column":null}},"3":{"start":{"line":10,"column":0},"end":{"line":10,"column":null}}},"fnMap":{},"branchMap":{},"s":{"0":2,"1":2,"2":2,"3":2},"f":{},"b":{}}
,"C:\\Users\\berla\\Documents\\Projets\\MesRecettes\\Projet\\MesRecettes-API\\src\\app\\controllers\\userController.ts": {"path":"C:\\Users\\berla\\Documents\\Projets\\MesRecettes\\Projet\\MesRecettes-API\\src\\app\\controllers\\userController.ts","statementMap":{"0":{"start":{"line":1,"column":0},"end":{"line":1,"column":33}},"1":{"start":{"line":2,"column":0},"end":{"line":2,"column":30}},"2":{"start":{"line":3,"column":0},"end":{"line":3,"column":27}},"3":{"start":{"line":6,"column":0},"end":{"line":6,"column":43}},"4":{"start":{"line":8,"column":13},"end":{"line":25,"column":null}},"5":{"start":{"line":10,"column":30},"end":{"line":10,"column":38}},"6":{"start":{"line":11,"column":15},"end":{"line":11,"column":44}},"7":{"start":{"line":12,"column":2},"end":{"line":12,"column":null}},"8":{"start":{"line":12,"column":26},"end":{"line":12,"column":null}},"9":{"start":{"line":13,"column":2},"end":{"line":16,"column":null}},"10":{"start":{"line":14,"column":26},"end":{"line":14,"column":71}},"11":{"start":{"line":15,"column":3},"end":{"line":15,"column":null}},"12":{"start":{"line":15,"column":24},"end":{"line":15,"column":null}},"13":{"start":{"line":18,"column":2},"end":{"line":20,"column":null}},"14":{"start":{"line":19,"column":3},"end":{"line":19,"column":null}},"15":{"start":{"line":21,"column":2},"end":{"line":21,"column":null}},"16":{"start":{"line":22,"column":24},"end":{"line":22,"column":39}},"17":{"start":{"line":23,"column":2},"end":{"line":23,"column":null}}},"fnMap":{"0":{"name":"(anonymous_1)","decl":{"start":{"line":9,"column":8},"end":{"line":9,"column":13}},"loc":{"start":{"line":9,"column":70},"end":{"line":24,"column":2}}}},"branchMap":{"0":{"loc":{"start":{"line":12,"column":2},"end":{"line":12,"column":null}},"type":"if","locations":[{"start":{"line":12,"column":2},"end":{"line":12,"column":null}}]},"1":{"loc":{"start":{"line":13,"column":2},"end":{"line":16,"column":null}},"type":"if","locations":[{"start":{"line":13,"column":2},"end":{"line":16,"column":null}}]},"2":{"loc":{"start":{"line":15,"column":3},"end":{"line":15,"column":null}},"type":"if","locations":[{"start":{"line":15,"column":3},"end":{"line":15,"column":null}}]},"3":{"loc":{"start":{"line":18,"column":2},"end":{"line":20,"column":null}},"type":"if","locations":[{"start":{"line":18,"column":2},"end":{"line":20,"column":null}}]}},"s":{"0":1,"1":1,"2":1,"3":1,"4":1,"5":1,"6":1,"7":1,"8":0,"9":1,"10":1,"11":1,"12":0,"13":1,"14":0,"15":1,"16":1,"17":1},"f":{"0":1},"b":{"0":[0],"1":[1],"2":[0],"3":[0]}}
,"C:\\Users\\berla\\Documents\\Projets\\MesRecettes\\Projet\\MesRecettes-API\\src\\app\\errors\\HTTPError.ts": {"path":"C:\\Users\\berla\\Documents\\Projets\\MesRecettes\\Projet\\MesRecettes-API\\src\\app\\errors\\HTTPError.ts","statementMap":{"0":{"start":{"line":6,"column":2},"end":{"line":6,"column":null}},"1":{"start":{"line":7,"column":2},"end":{"line":7,"column":null}},"2":{"start":{"line":8,"column":2},"end":{"line":8,"column":null}},"3":{"start":{"line":9,"column":2},"end":{"line":9,"column":null}},"4":{"start":{"line":1,"column":0},"end":{"line":1,"column":21}}},"fnMap":{"0":{"name":"(anonymous_0)","decl":{"start":{"line":5,"column":1},"end":{"line":5,"column":14}},"loc":{"start":{"line":5,"column":59},"end":{"line":10,"column":2}}}},"branchMap":{},"s":{"0":0,"1":0,"2":0,"3":0,"4":1},"f":{"0":0},"b":{}}
,"C:\\Users\\berla\\Documents\\Projets\\MesRecettes\\Projet\\MesRecettes-API\\src\\app\\models\\User.ts": {"path":"C:\\Users\\berla\\Documents\\Projets\\MesRecettes\\Projet\\MesRecettes-API\\src\\app\\models\\User.ts","statementMap":{"0":{"start":{"line":1,"column":0},"end":{"line":1,"column":34}},"1":{"start":{"line":6,"column":0},"end":{"line":6,"column":21}},"2":{"start":{"line":7,"column":8},"end":{"line":7,"column":null}},"3":{"start":{"line":9,"column":8},"end":{"line":26,"column":null}},"4":{"start":{"line":10,"column":17},"end":{"line":23,"column":null}},"5":{"start":{"line":25,"column":2},"end":{"line":25,"column":null}}},"fnMap":{"0":{"name":"(anonymous_1)","decl":{"start":{"line":9,"column":22},"end":{"line":9,"column":27}},"loc":{"start":{"line":9,"column":65},"end":{"line":26,"column":2}}}},"branchMap":{},"s":{"0":1,"1":1,"2":1,"3":1,"4":0,"5":0},"f":{"0":0},"b":{}}
}
