TN:
SF:src\app\clients\pg.ts
FNF:0
FNH:0
DA:1,2
DA:3,2
DA:8,2
DA:10,2
LF:4
LH:4
BRF:0
BRH:0
end_of_record
TN:
SF:src\app\controllers\userController.ts
FN:9,(anonymous_1)
FNF:1
FNH:1
FNDA:1,(anonymous_1)
DA:1,1
DA:2,1
DA:3,1
DA:6,1
DA:8,1
DA:10,1
DA:11,1
DA:12,1
DA:13,1
DA:14,1
DA:15,1
DA:18,1
DA:19,0
DA:21,1
DA:22,1
DA:23,1
LF:16
LH:15
BRDA:12,0,0,0
BRDA:13,1,0,1
BRDA:15,2,0,0
BRDA:18,3,0,0
BRF:4
BRH:1
end_of_record
TN:
SF:src\app\errors\HTTPError.ts
FN:5,(anonymous_0)
FNF:1
FNH:0
FNDA:0,(anonymous_0)
DA:1,1
DA:6,0
DA:7,0
DA:8,0
DA:9,0
LF:5
LH:1
BRF:0
BRH:0
end_of_record
TN:
SF:src\app\models\User.ts
FN:9,(anonymous_1)
FNF:1
FNH:0
FNDA:0,(anonymous_1)
DA:1,1
DA:6,1
DA:7,1
DA:9,1
DA:10,0
DA:25,0
LF:6
LH:4
BRF:0
BRH:0
end_of_record
